g 3 4
b 0 0
b 0 1
b 0 2
b 0 3
b 1 0
b 1 1
b 1 2
b 1 3
b 2 0
b 2 3
+---+
|***|
|***|
|***|
|***|
+---+
u 2 1
+---+
|***|
|**4|
|***|
|***|
+---+
u 2 2
+---+
|***|
|**4|
|**4|
|***|
+---+
f 0 0
+---+
|f**|
|**4|
|**4|
|***|
+---+
f 0 1
+---+
|f**|
|f*4|
|**4|
|***|
+---+
f 0 2
+---+
|f**|
|f*4|
|f*4|
|***|
+---+
f 0 3
+---+
|f**|
|f*4|
|f*4|
|f**|
+---+
f 1 0
+---+
|ff*|
|f*4|
|f*4|
|f**|
+---+
f 1 1
+---+
|ff*|
|ff4|
|f*4|
|f**|
+---+
f 1 2
+---+
|ff*|
|ff4|
|ff4|
|f**|
+---+
f 1 3
+---+
|ff*|
|ff4|
|ff4|
|ff*|
+---+
f 2 0
+---+
|fff|
|ff4|
|ff4|
|ff*|
+---+
error
